<?xml version="1.0" encoding="UTF-8" ?>
<testsuite errors="2" failures="0" hostname="EBIII213F2" name="com.hexaware.junit.SeleniumTest" skipped="0" tests="1" time="42.635" timestamp="2017-04-28T06:02:52">
  <properties>
[...]
</properties>
  <testcase classname="com.hexaware.junit.SeleniumTest" name="testChromeSelenium" time="9.218">
    <error type="java.lang.NullPointerException">java.lang.NullPointerException
	at com.hexaware.junit.SeleniumTest.testChromeSelenium(Unknown Source)
	at org.eclipse.ant.internal.launching.remote.EclipseDefaultExecutor.executeTargets(EclipseDefaultExecutor.java:32)
	at org.eclipse.ant.internal.launching.remote.InternalAntRunner.run(InternalAntRunner.java:424)
	at org.eclipse.ant.internal.launching.remote.InternalAntRunner.main(InternalAntRunner.java:138)
</error>
  </testcase>
  <testcase classname="junit.framework.TestSuite" name="com.hexaware.junit.SeleniumTest" time="0.0">
    <error message="chrome not reachable&#xa;  (Session info: chrome=57.0.2987.133)&#xa;  (Driver info: chromedriver=2.25.426923 (0390b88869384d6eb0d5d09729679f934aab9eed),platform=Windows NT 6.1.7601 SP1 x86) (WARNING: The server did not provide any stacktrace information)&#xa;Command duration or timeout: 205 milliseconds&#xa;Build info: version: &apos;2.28.0&apos;, revision: &apos;18309&apos;, time: &apos;2012-12-11 15:53:30&apos;&#xa;System info: os.name: &apos;Windows 7&apos;, os.arch: &apos;x86&apos;, os.version: &apos;6.1&apos;, java.version: &apos;1.7.0_79&apos;&#xa;Session ID: e127d714fb7d91153dc2740a3a83b9d9&#xa;Driver info: org.openqa.selenium.chrome.ChromeDriver&#xa;Capabilities [{platform=XP, acceptSslCerts=true, javascriptEnabled=true, browserName=chrome, chrome={userDataDir=C:\Users\18982\AppData\Local\Temp\scoped_dir2708_28566, chromedriverVersion=2.25.426923 (0390b88869384d6eb0d5d09729679f934aab9eed)}, networkConnectionEnabled=false, rotatable=false, locationContextEnabled=true, mobileEmulationEnabled=false, version=57.0.2987.133, pageLoadStrategy=normal, takesHeapSnapshot=true, cssSelectorsEnabled=true, databaseEnabled=false, handlesAlerts=true, browserConnectionEnabled=false, webStorageEnabled=true, nativeEvents=true, hasTouchScreen=false, applicationCacheEnabled=false, takesScreenshot=true}]" type="org.openqa.selenium.WebDriverException">org.openqa.selenium.WebDriverException: chrome not reachable
  (Session info: chrome=57.0.2987.133)
  (Driver info: chromedriver=2.25.426923 (0390b88869384d6eb0d5d09729679f934aab9eed),platform=Windows NT 6.1.7601 SP1 x86) (WARNING: The server did not provide any stacktrace information)
Command duration or timeout: 205 milliseconds
Build info: version: &apos;2.28.0&apos;, revision: &apos;18309&apos;, time: &apos;2012-12-11 15:53:30&apos;
System info: os.name: &apos;Windows 7&apos;, os.arch: &apos;x86&apos;, os.version: &apos;6.1&apos;, java.version: &apos;1.7.0_79&apos;
Session ID: e127d714fb7d91153dc2740a3a83b9d9
Driver info: org.openqa.selenium.chrome.ChromeDriver
Capabilities [{platform=XP, acceptSslCerts=true, javascriptEnabled=true, browserName=chrome, chrome={userDataDir=C:\Users\18982\AppData\Local\Temp\scoped_dir2708_28566, chromedriverVersion=2.25.426923 (0390b88869384d6eb0d5d09729679f934aab9eed)}, networkConnectionEnabled=false, rotatable=false, locationContextEnabled=true, mobileEmulationEnabled=false, version=57.0.2987.133, pageLoadStrategy=normal, takesHeapSnapshot=true, cssSelectorsEnabled=true, databaseEnabled=false, handlesAlerts=true, browserConnectionEnabled=false, webStorageEnabled=true, nativeEvents=true, hasTouchScreen=false, applicationCacheEnabled=false, takesScreenshot=true}]
	at java.lang.reflect.Constructor.newInstance(Constructor.java:526)
	at org.openqa.selenium.remote.ErrorHandler.createThrowable(ErrorHandler.java:187)
	at org.openqa.selenium.remote.ErrorHandler.throwIfResponseFailed(ErrorHandler.java:145)
	at org.openqa.selenium.remote.RemoteWebDriver.execute(RemoteWebDriver.java:533)
	at org.openqa.selenium.remote.RemoteWebDriver.execute(RemoteWebDriver.java:548)
	at org.openqa.selenium.remote.RemoteWebDriver.close(RemoteWebDriver.java:401)
	at com.hexaware.junit.SeleniumTest.cleanUp(Unknown Source)
	at org.eclipse.ant.internal.launching.remote.EclipseDefaultExecutor.executeTargets(EclipseDefaultExecutor.java:32)
	at org.eclipse.ant.internal.launching.remote.InternalAntRunner.run(InternalAntRunner.java:424)
	at org.eclipse.ant.internal.launching.remote.InternalAntRunner.main(InternalAntRunner.java:138)
</error>
  </testcase>
  <system-out><![CDATA[Selenium Testing Started
]]></system-out>
  <system-err><![CDATA[Starting ChromeDriver 2.25.426923 (0390b88869384d6eb0d5d09729679f934aab9eed) on port 16829
Only local connections are allowed.
[25.643][SEVERE]: Unable to receive message from renderer
]]></system-err>
</testsuite>
